2021-12-14T05:14:56+00:00 CRITICAL Uncaught Error: Call to undefined function yith_wcwl_object_id() in C:\xampp\htdocs\wordpress\wp-content\themes\ecommerce-gem\woocommerce\content-product.php:70
Stack trace:
#0 C:\xampp\htdocs\wordpress\wp-includes\template.php(772): require()
#1 C:\xampp\htdocs\wordpress\wp-content\plugins\woocommerce\includes\wc-core-functions.php(284): load_template('C:\\xampp\\htdocs...', false)
#2 C:\xampp\htdocs\wordpress\wp-content\plugins\woocommerce\templates\archive-product.php(70): wc_get_template_part('content', 'product')
#3 C:\xampp\htdocs\wordpress\wp-includes\template-loader.php(106): include('C:\\xampp\\htdocs...')
#4 C:\xampp\htdocs\wordpress\wp-blog-header.php(19): require_once('C:\\xampp\\htdocs...')
#5 C:\xampp\htdocs\wordpress\index.php(17): require('C:\\xampp\\htdocs...')
#6 {main}
  thrown in C:\xampp\htdocs\wordpress\wp-content\themes\ecommerce-gem\woocommerce\content-product.php on line 70

2021-12-14T05:15:56+00:00 CRITICAL Uncaught Error: Call to undefined function yith_wcwl_object_id() in C:\xampp\htdocs\wordpress\wp-content\themes\ecommerce-gem\woocommerce\content-product.php:70
Stack trace:
#0 C:\xampp\htdocs\wordpress\wp-includes\template.php(772): require()
#1 C:\xampp\htdocs\wordpress\wp-content\plugins\woocommerce\includes\wc-core-functions.php(284): load_template('C:\\xampp\\htdocs...', false)
#2 C:\xampp\htdocs\wordpress\wp-content\plugins\woocommerce\templates\archive-product.php(70): wc_get_template_part('content', 'product')
#3 C:\xampp\htdocs\wordpress\wp-includes\template-loader.php(106): include('C:\\xampp\\htdocs...')
#4 C:\xampp\htdocs\wordpress\wp-blog-header.php(19): require_once('C:\\xampp\\htdocs...')
#5 C:\xampp\htdocs\wordpress\index.php(17): require('C:\\xampp\\htdocs...')
#6 {main}
  thrown in C:\xampp\htdocs\wordpress\wp-content\themes\ecommerce-gem\woocommerce\content-product.php on line 70

2021-12-14T05:16:18+00:00 CRITICAL Uncaught Error: Call to undefined function yith_wcwl_object_id() in C:\xampp\htdocs\wordpress\wp-content\themes\ecommerce-gem\woocommerce\content-product.php:70
Stack trace:
#0 C:\xampp\htdocs\wordpress\wp-includes\template.php(772): require()
#1 C:\xampp\htdocs\wordpress\wp-content\plugins\woocommerce\includes\wc-core-functions.php(284): load_template('C:\\xampp\\htdocs...', false)
#2 C:\xampp\htdocs\wordpress\wp-content\plugins\woocommerce\templates\archive-product.php(70): wc_get_template_part('content', 'product')
#3 C:\xampp\htdocs\wordpress\wp-includes\template-loader.php(106): include('C:\\xampp\\htdocs...')
#4 C:\xampp\htdocs\wordpress\wp-blog-header.php(19): require_once('C:\\xampp\\htdocs...')
#5 C:\xampp\htdocs\wordpress\index.php(17): require('C:\\xampp\\htdocs...')
#6 {main}
  thrown in C:\xampp\htdocs\wordpress\wp-content\themes\ecommerce-gem\woocommerce\content-product.php on line 70

2021-12-14T05:16:21+00:00 CRITICAL Uncaught Error: Call to undefined function yith_wcwl_object_id() in C:\xampp\htdocs\wordpress\wp-content\themes\ecommerce-gem\woocommerce\content-product.php:70
Stack trace:
#0 C:\xampp\htdocs\wordpress\wp-includes\template.php(772): require()
#1 C:\xampp\htdocs\wordpress\wp-content\plugins\woocommerce\includes\wc-core-functions.php(284): load_template('C:\\xampp\\htdocs...', false)
#2 C:\xampp\htdocs\wordpress\wp-content\plugins\woocommerce\templates\archive-product.php(70): wc_get_template_part('content', 'product')
#3 C:\xampp\htdocs\wordpress\wp-includes\template-loader.php(106): include('C:\\xampp\\htdocs...')
#4 C:\xampp\htdocs\wordpress\wp-blog-header.php(19): require_once('C:\\xampp\\htdocs...')
#5 C:\xampp\htdocs\wordpress\index.php(17): require('C:\\xampp\\htdocs...')
#6 {main}
  thrown in C:\xampp\htdocs\wordpress\wp-content\themes\ecommerce-gem\woocommerce\content-product.php on line 70

2021-12-14T05:16:28+00:00 CRITICAL Uncaught Error: Call to undefined function yith_wcwl_object_id() in C:\xampp\htdocs\wordpress\wp-content\themes\ecommerce-gem\woocommerce\content-product.php:70
Stack trace:
#0 C:\xampp\htdocs\wordpress\wp-includes\template.php(772): require()
#1 C:\xampp\htdocs\wordpress\wp-content\plugins\woocommerce\includes\wc-core-functions.php(284): load_template('C:\\xampp\\htdocs...', false)
#2 C:\xampp\htdocs\wordpress\wp-content\plugins\woocommerce\templates\archive-product.php(70): wc_get_template_part('content', 'product')
#3 C:\xampp\htdocs\wordpress\wp-includes\template-loader.php(106): include('C:\\xampp\\htdocs...')
#4 C:\xampp\htdocs\wordpress\wp-blog-header.php(19): require_once('C:\\xampp\\htdocs...')
#5 C:\xampp\htdocs\wordpress\index.php(17): require('C:\\xampp\\htdocs...')
#6 {main}
  thrown in C:\xampp\htdocs\wordpress\wp-content\themes\ecommerce-gem\woocommerce\content-product.php on line 70

2021-12-14T05:16:28+00:00 CRITICAL Uncaught Error: Call to undefined function yith_wcwl_object_id() in C:\xampp\htdocs\wordpress\wp-content\themes\ecommerce-gem\woocommerce\content-product.php:70
Stack trace:
#0 C:\xampp\htdocs\wordpress\wp-includes\template.php(772): require()
#1 C:\xampp\htdocs\wordpress\wp-content\plugins\woocommerce\includes\wc-core-functions.php(284): load_template('C:\\xampp\\htdocs...', false)
#2 C:\xampp\htdocs\wordpress\wp-content\plugins\woocommerce\templates\archive-product.php(70): wc_get_template_part('content', 'product')
#3 C:\xampp\htdocs\wordpress\wp-includes\template-loader.php(106): include('C:\\xampp\\htdocs...')
#4 C:\xampp\htdocs\wordpress\wp-blog-header.php(19): require_once('C:\\xampp\\htdocs...')
#5 C:\xampp\htdocs\wordpress\index.php(17): require('C:\\xampp\\htdocs...')
#6 {main}
  thrown in C:\xampp\htdocs\wordpress\wp-content\themes\ecommerce-gem\woocommerce\content-product.php on line 70

2021-12-14T05:16:37+00:00 CRITICAL Uncaught Error: Call to undefined function yith_wcwl_object_id() in C:\xampp\htdocs\wordpress\wp-content\themes\ecommerce-gem\woocommerce\content-product.php:70
Stack trace:
#0 C:\xampp\htdocs\wordpress\wp-includes\template.php(772): require()
#1 C:\xampp\htdocs\wordpress\wp-content\plugins\woocommerce\includes\wc-core-functions.php(284): load_template('C:\\xampp\\htdocs...', false)
#2 C:\xampp\htdocs\wordpress\wp-content\plugins\woocommerce\templates\archive-product.php(70): wc_get_template_part('content', 'product')
#3 C:\xampp\htdocs\wordpress\wp-includes\template-loader.php(106): include('C:\\xampp\\htdocs...')
#4 C:\xampp\htdocs\wordpress\wp-blog-header.php(19): require_once('C:\\xampp\\htdocs...')
#5 C:\xampp\htdocs\wordpress\index.php(17): require('C:\\xampp\\htdocs...')
#6 {main}
  thrown in C:\xampp\htdocs\wordpress\wp-content\themes\ecommerce-gem\woocommerce\content-product.php on line 70

2021-12-14T05:16:45+00:00 CRITICAL Uncaught Error: Call to undefined function yith_wcwl_object_id() in C:\xampp\htdocs\wordpress\wp-content\themes\ecommerce-gem\woocommerce\content-product.php:70
Stack trace:
#0 C:\xampp\htdocs\wordpress\wp-includes\template.php(772): require()
#1 C:\xampp\htdocs\wordpress\wp-content\plugins\woocommerce\includes\wc-core-functions.php(284): load_template('C:\\xampp\\htdocs...', false)
#2 C:\xampp\htdocs\wordpress\wp-content\plugins\woocommerce\templates\archive-product.php(70): wc_get_template_part('content', 'product')
#3 C:\xampp\htdocs\wordpress\wp-includes\template-loader.php(106): include('C:\\xampp\\htdocs...')
#4 C:\xampp\htdocs\wordpress\wp-blog-header.php(19): require_once('C:\\xampp\\htdocs...')
#5 C:\xampp\htdocs\wordpress\index.php(17): require('C:\\xampp\\htdocs...')
#6 {main}
  thrown in C:\xampp\htdocs\wordpress\wp-content\themes\ecommerce-gem\woocommerce\content-product.php on line 70

2021-12-14T05:16:49+00:00 CRITICAL Uncaught Error: Call to undefined function yith_wcwl_object_id() in C:\xampp\htdocs\wordpress\wp-content\themes\ecommerce-gem\woocommerce\content-product.php:70
Stack trace:
#0 C:\xampp\htdocs\wordpress\wp-includes\template.php(772): require()
#1 C:\xampp\htdocs\wordpress\wp-content\plugins\woocommerce\includes\wc-core-functions.php(284): load_template('C:\\xampp\\htdocs...', false)
#2 C:\xampp\htdocs\wordpress\wp-content\plugins\woocommerce\templates\archive-product.php(70): wc_get_template_part('content', 'product')
#3 C:\xampp\htdocs\wordpress\wp-includes\template-loader.php(106): include('C:\\xampp\\htdocs...')
#4 C:\xampp\htdocs\wordpress\wp-blog-header.php(19): require_once('C:\\xampp\\htdocs...')
#5 C:\xampp\htdocs\wordpress\index.php(17): require('C:\\xampp\\htdocs...')
#6 {main}
  thrown in C:\xampp\htdocs\wordpress\wp-content\themes\ecommerce-gem\woocommerce\content-product.php on line 70

2021-12-14T05:17:14+00:00 CRITICAL Uncaught Error: Call to undefined function yith_wcwl_object_id() in C:\xampp\htdocs\wordpress\wp-content\themes\ecommerce-gem\woocommerce\content-product.php:70
Stack trace:
#0 C:\xampp\htdocs\wordpress\wp-includes\template.php(772): require()
#1 C:\xampp\htdocs\wordpress\wp-content\plugins\woocommerce\includes\wc-core-functions.php(284): load_template('C:\\xampp\\htdocs...', false)
#2 C:\xampp\htdocs\wordpress\wp-content\plugins\woocommerce\templates\archive-product.php(70): wc_get_template_part('content', 'product')
#3 C:\xampp\htdocs\wordpress\wp-includes\template-loader.php(106): include('C:\\xampp\\htdocs...')
#4 C:\xampp\htdocs\wordpress\wp-blog-header.php(19): require_once('C:\\xampp\\htdocs...')
#5 C:\xampp\htdocs\wordpress\index.php(17): require('C:\\xampp\\htdocs...')
#6 {main}
  thrown in C:\xampp\htdocs\wordpress\wp-content\themes\ecommerce-gem\woocommerce\content-product.php on line 70

2021-12-14T05:17:32+00:00 CRITICAL Uncaught Error: Call to undefined function yith_wcwl_object_id() in C:\xampp\htdocs\wordpress\wp-content\themes\ecommerce-gem\woocommerce\content-product.php:70
Stack trace:
#0 C:\xampp\htdocs\wordpress\wp-includes\template.php(772): require()
#1 C:\xampp\htdocs\wordpress\wp-content\plugins\woocommerce\includes\wc-core-functions.php(284): load_template('C:\\xampp\\htdocs...', false)
#2 C:\xampp\htdocs\wordpress\wp-content\plugins\woocommerce\templates\archive-product.php(70): wc_get_template_part('content', 'product')
#3 C:\xampp\htdocs\wordpress\wp-includes\template-loader.php(106): include('C:\\xampp\\htdocs...')
#4 C:\xampp\htdocs\wordpress\wp-blog-header.php(19): require_once('C:\\xampp\\htdocs...')
#5 C:\xampp\htdocs\wordpress\index.php(17): require('C:\\xampp\\htdocs...')
#6 {main}
  thrown in C:\xampp\htdocs\wordpress\wp-content\themes\ecommerce-gem\woocommerce\content-product.php on line 70

2021-12-14T05:17:33+00:00 CRITICAL Uncaught Error: Call to undefined function yith_wcwl_object_id() in C:\xampp\htdocs\wordpress\wp-content\themes\ecommerce-gem\woocommerce\content-product.php:70
Stack trace:
#0 C:\xampp\htdocs\wordpress\wp-includes\template.php(772): require()
#1 C:\xampp\htdocs\wordpress\wp-content\plugins\woocommerce\includes\wc-core-functions.php(284): load_template('C:\\xampp\\htdocs...', false)
#2 C:\xampp\htdocs\wordpress\wp-content\plugins\woocommerce\templates\archive-product.php(70): wc_get_template_part('content', 'product')
#3 C:\xampp\htdocs\wordpress\wp-includes\template-loader.php(106): include('C:\\xampp\\htdocs...')
#4 C:\xampp\htdocs\wordpress\wp-blog-header.php(19): require_once('C:\\xampp\\htdocs...')
#5 C:\xampp\htdocs\wordpress\index.php(17): require('C:\\xampp\\htdocs...')
#6 {main}
  thrown in C:\xampp\htdocs\wordpress\wp-content\themes\ecommerce-gem\woocommerce\content-product.php on line 70

2021-12-14T05:17:34+00:00 CRITICAL Uncaught Error: Call to undefined function yith_wcwl_object_id() in C:\xampp\htdocs\wordpress\wp-content\themes\ecommerce-gem\woocommerce\content-product.php:70
Stack trace:
#0 C:\xampp\htdocs\wordpress\wp-includes\template.php(772): require()
#1 C:\xampp\htdocs\wordpress\wp-content\plugins\woocommerce\includes\wc-core-functions.php(284): load_template('C:\\xampp\\htdocs...', false)
#2 C:\xampp\htdocs\wordpress\wp-content\plugins\woocommerce\templates\archive-product.php(70): wc_get_template_part('content', 'product')
#3 C:\xampp\htdocs\wordpress\wp-includes\template-loader.php(106): include('C:\\xampp\\htdocs...')
#4 C:\xampp\htdocs\wordpress\wp-blog-header.php(19): require_once('C:\\xampp\\htdocs...')
#5 C:\xampp\htdocs\wordpress\index.php(17): require('C:\\xampp\\htdocs...')
#6 {main}
  thrown in C:\xampp\htdocs\wordpress\wp-content\themes\ecommerce-gem\woocommerce\content-product.php on line 70

2021-12-14T05:17:35+00:00 CRITICAL Uncaught Error: Call to undefined function yith_wcwl_object_id() in C:\xampp\htdocs\wordpress\wp-content\themes\ecommerce-gem\woocommerce\content-product.php:70
Stack trace:
#0 C:\xampp\htdocs\wordpress\wp-includes\template.php(772): require()
#1 C:\xampp\htdocs\wordpress\wp-content\plugins\woocommerce\includes\wc-core-functions.php(284): load_template('C:\\xampp\\htdocs...', false)
#2 C:\xampp\htdocs\wordpress\wp-content\plugins\woocommerce\templates\archive-product.php(70): wc_get_template_part('content', 'product')
#3 C:\xampp\htdocs\wordpress\wp-includes\template-loader.php(106): include('C:\\xampp\\htdocs...')
#4 C:\xampp\htdocs\wordpress\wp-blog-header.php(19): require_once('C:\\xampp\\htdocs...')
#5 C:\xampp\htdocs\wordpress\index.php(17): require('C:\\xampp\\htdocs...')
#6 {main}
  thrown in C:\xampp\htdocs\wordpress\wp-content\themes\ecommerce-gem\woocommerce\content-product.php on line 70

2021-12-14T05:17:36+00:00 CRITICAL Uncaught Error: Call to undefined function yith_wcwl_object_id() in C:\xampp\htdocs\wordpress\wp-content\themes\ecommerce-gem\woocommerce\content-product.php:70
Stack trace:
#0 C:\xampp\htdocs\wordpress\wp-includes\template.php(772): require()
#1 C:\xampp\htdocs\wordpress\wp-content\plugins\woocommerce\includes\wc-core-functions.php(284): load_template('C:\\xampp\\htdocs...', false)
#2 C:\xampp\htdocs\wordpress\wp-content\plugins\woocommerce\templates\archive-product.php(70): wc_get_template_part('content', 'product')
#3 C:\xampp\htdocs\wordpress\wp-includes\template-loader.php(106): include('C:\\xampp\\htdocs...')
#4 C:\xampp\htdocs\wordpress\wp-blog-header.php(19): require_once('C:\\xampp\\htdocs...')
#5 C:\xampp\htdocs\wordpress\index.php(17): require('C:\\xampp\\htdocs...')
#6 {main}
  thrown in C:\xampp\htdocs\wordpress\wp-content\themes\ecommerce-gem\woocommerce\content-product.php on line 70

2021-12-14T05:17:37+00:00 CRITICAL Uncaught Error: Call to undefined function yith_wcwl_object_id() in C:\xampp\htdocs\wordpress\wp-content\themes\ecommerce-gem\woocommerce\content-product.php:70
Stack trace:
#0 C:\xampp\htdocs\wordpress\wp-includes\template.php(772): require()
#1 C:\xampp\htdocs\wordpress\wp-content\plugins\woocommerce\includes\wc-core-functions.php(284): load_template('C:\\xampp\\htdocs...', false)
#2 C:\xampp\htdocs\wordpress\wp-content\plugins\woocommerce\templates\archive-product.php(70): wc_get_template_part('content', 'product')
#3 C:\xampp\htdocs\wordpress\wp-includes\template-loader.php(106): include('C:\\xampp\\htdocs...')
#4 C:\xampp\htdocs\wordpress\wp-blog-header.php(19): require_once('C:\\xampp\\htdocs...')
#5 C:\xampp\htdocs\wordpress\index.php(17): require('C:\\xampp\\htdocs...')
#6 {main}
  thrown in C:\xampp\htdocs\wordpress\wp-content\themes\ecommerce-gem\woocommerce\content-product.php on line 70

2021-12-14T05:17:38+00:00 CRITICAL Uncaught Error: Call to undefined function yith_wcwl_object_id() in C:\xampp\htdocs\wordpress\wp-content\themes\ecommerce-gem\woocommerce\content-product.php:70
Stack trace:
#0 C:\xampp\htdocs\wordpress\wp-includes\template.php(772): require()
#1 C:\xampp\htdocs\wordpress\wp-content\plugins\woocommerce\includes\wc-core-functions.php(284): load_template('C:\\xampp\\htdocs...', false)
#2 C:\xampp\htdocs\wordpress\wp-content\plugins\woocommerce\templates\archive-product.php(70): wc_get_template_part('content', 'product')
#3 C:\xampp\htdocs\wordpress\wp-includes\template-loader.php(106): include('C:\\xampp\\htdocs...')
#4 C:\xampp\htdocs\wordpress\wp-blog-header.php(19): require_once('C:\\xampp\\htdocs...')
#5 C:\xampp\htdocs\wordpress\index.php(17): require('C:\\xampp\\htdocs...')
#6 {main}
  thrown in C:\xampp\htdocs\wordpress\wp-content\themes\ecommerce-gem\woocommerce\content-product.php on line 70

2021-12-14T05:17:39+00:00 CRITICAL Uncaught Error: Call to undefined function yith_wcwl_object_id() in C:\xampp\htdocs\wordpress\wp-content\themes\ecommerce-gem\woocommerce\content-product.php:70
Stack trace:
#0 C:\xampp\htdocs\wordpress\wp-includes\template.php(772): require()
#1 C:\xampp\htdocs\wordpress\wp-content\plugins\woocommerce\includes\wc-core-functions.php(284): load_template('C:\\xampp\\htdocs...', false)
#2 C:\xampp\htdocs\wordpress\wp-content\plugins\woocommerce\templates\archive-product.php(70): wc_get_template_part('content', 'product')
#3 C:\xampp\htdocs\wordpress\wp-includes\template-loader.php(106): include('C:\\xampp\\htdocs...')
#4 C:\xampp\htdocs\wordpress\wp-blog-header.php(19): require_once('C:\\xampp\\htdocs...')
#5 C:\xampp\htdocs\wordpress\index.php(17): require('C:\\xampp\\htdocs...')
#6 {main}
  thrown in C:\xampp\htdocs\wordpress\wp-content\themes\ecommerce-gem\woocommerce\content-product.php on line 70

2021-12-14T05:17:41+00:00 CRITICAL Uncaught Error: Call to undefined function yith_wcwl_object_id() in C:\xampp\htdocs\wordpress\wp-content\themes\ecommerce-gem\woocommerce\content-product.php:70
Stack trace:
#0 C:\xampp\htdocs\wordpress\wp-includes\template.php(772): require()
#1 C:\xampp\htdocs\wordpress\wp-content\plugins\woocommerce\includes\wc-core-functions.php(284): load_template('C:\\xampp\\htdocs...', false)
#2 C:\xampp\htdocs\wordpress\wp-content\plugins\woocommerce\templates\archive-product.php(70): wc_get_template_part('content', 'product')
#3 C:\xampp\htdocs\wordpress\wp-includes\template-loader.php(106): include('C:\\xampp\\htdocs...')
#4 C:\xampp\htdocs\wordpress\wp-blog-header.php(19): require_once('C:\\xampp\\htdocs...')
#5 C:\xampp\htdocs\wordpress\index.php(17): require('C:\\xampp\\htdocs...')
#6 {main}
  thrown in C:\xampp\htdocs\wordpress\wp-content\themes\ecommerce-gem\woocommerce\content-product.php on line 70

2021-12-14T05:17:42+00:00 CRITICAL Uncaught Error: Call to undefined function yith_wcwl_object_id() in C:\xampp\htdocs\wordpress\wp-content\themes\ecommerce-gem\woocommerce\content-product.php:70
Stack trace:
#0 C:\xampp\htdocs\wordpress\wp-includes\template.php(772): require()
#1 C:\xampp\htdocs\wordpress\wp-content\plugins\woocommerce\includes\wc-core-functions.php(284): load_template('C:\\xampp\\htdocs...', false)
#2 C:\xampp\htdocs\wordpress\wp-content\plugins\woocommerce\templates\archive-product.php(70): wc_get_template_part('content', 'product')
#3 C:\xampp\htdocs\wordpress\wp-includes\template-loader.php(106): include('C:\\xampp\\htdocs...')
#4 C:\xampp\htdocs\wordpress\wp-blog-header.php(19): require_once('C:\\xampp\\htdocs...')
#5 C:\xampp\htdocs\wordpress\index.php(17): require('C:\\xampp\\htdocs...')
#6 {main}
  thrown in C:\xampp\htdocs\wordpress\wp-content\themes\ecommerce-gem\woocommerce\content-product.php on line 70

2021-12-14T05:17:43+00:00 CRITICAL Uncaught Error: Call to undefined function yith_wcwl_object_id() in C:\xampp\htdocs\wordpress\wp-content\themes\ecommerce-gem\woocommerce\content-product.php:70
Stack trace:
#0 C:\xampp\htdocs\wordpress\wp-includes\template.php(772): require()
#1 C:\xampp\htdocs\wordpress\wp-content\plugins\woocommerce\includes\wc-core-functions.php(284): load_template('C:\\xampp\\htdocs...', false)
#2 C:\xampp\htdocs\wordpress\wp-content\plugins\woocommerce\templates\archive-product.php(70): wc_get_template_part('content', 'product')
#3 C:\xampp\htdocs\wordpress\wp-includes\template-loader.php(106): include('C:\\xampp\\htdocs...')
#4 C:\xampp\htdocs\wordpress\wp-blog-header.php(19): require_once('C:\\xampp\\htdocs...')
#5 C:\xampp\htdocs\wordpress\index.php(17): require('C:\\xampp\\htdocs...')
#6 {main}
  thrown in C:\xampp\htdocs\wordpress\wp-content\themes\ecommerce-gem\woocommerce\content-product.php on line 70

2021-12-14T05:18:28+00:00 CRITICAL Uncaught Error: Call to undefined function yith_wcwl_object_id() in C:\xampp\htdocs\wordpress\wp-content\themes\ecommerce-gem\woocommerce\content-product.php:70
Stack trace:
#0 C:\xampp\htdocs\wordpress\wp-includes\template.php(772): require()
#1 C:\xampp\htdocs\wordpress\wp-content\plugins\woocommerce\includes\wc-core-functions.php(284): load_template('C:\\xampp\\htdocs...', false)
#2 C:\xampp\htdocs\wordpress\wp-content\plugins\woocommerce\templates\archive-product.php(70): wc_get_template_part('content', 'product')
#3 C:\xampp\htdocs\wordpress\wp-includes\template-loader.php(106): include('C:\\xampp\\htdocs...')
#4 C:\xampp\htdocs\wordpress\wp-blog-header.php(19): require_once('C:\\xampp\\htdocs...')
#5 C:\xampp\htdocs\wordpress\index.php(17): require('C:\\xampp\\htdocs...')
#6 {main}
  thrown in C:\xampp\htdocs\wordpress\wp-content\themes\ecommerce-gem\woocommerce\content-product.php on line 70

2021-12-14T05:18:33+00:00 CRITICAL Uncaught Error: Call to undefined function yith_wcwl_object_id() in C:\xampp\htdocs\wordpress\wp-content\themes\ecommerce-gem\woocommerce\content-product.php:70
Stack trace:
#0 C:\xampp\htdocs\wordpress\wp-includes\template.php(772): require()
#1 C:\xampp\htdocs\wordpress\wp-content\plugins\woocommerce\includes\wc-core-functions.php(284): load_template('C:\\xampp\\htdocs...', false)
#2 C:\xampp\htdocs\wordpress\wp-content\plugins\woocommerce\templates\archive-product.php(70): wc_get_template_part('content', 'product')
#3 C:\xampp\htdocs\wordpress\wp-includes\template-loader.php(106): include('C:\\xampp\\htdocs...')
#4 C:\xampp\htdocs\wordpress\wp-blog-header.php(19): require_once('C:\\xampp\\htdocs...')
#5 C:\xampp\htdocs\wordpress\index.php(17): require('C:\\xampp\\htdocs...')
#6 {main}
  thrown in C:\xampp\htdocs\wordpress\wp-content\themes\ecommerce-gem\woocommerce\content-product.php on line 70

2021-12-14T05:18:39+00:00 CRITICAL Uncaught Error: Call to undefined function yith_wcwl_object_id() in C:\xampp\htdocs\wordpress\wp-content\themes\ecommerce-gem\woocommerce\content-product.php:70
Stack trace:
#0 C:\xampp\htdocs\wordpress\wp-includes\template.php(772): require()
#1 C:\xampp\htdocs\wordpress\wp-content\plugins\woocommerce\includes\wc-core-functions.php(284): load_template('C:\\xampp\\htdocs...', false)
#2 C:\xampp\htdocs\wordpress\wp-content\plugins\woocommerce\templates\archive-product.php(70): wc_get_template_part('content', 'product')
#3 C:\xampp\htdocs\wordpress\wp-includes\template-loader.php(106): include('C:\\xampp\\htdocs...')
#4 C:\xampp\htdocs\wordpress\wp-blog-header.php(19): require_once('C:\\xampp\\htdocs...')
#5 C:\xampp\htdocs\wordpress\index.php(17): require('C:\\xampp\\htdocs...')
#6 {main}
  thrown in C:\xampp\htdocs\wordpress\wp-content\themes\ecommerce-gem\woocommerce\content-product.php on line 70

2021-12-14T05:18:39+00:00 CRITICAL Uncaught Error: Call to undefined function yith_wcwl_object_id() in C:\xampp\htdocs\wordpress\wp-content\themes\ecommerce-gem\woocommerce\content-product.php:70
Stack trace:
#0 C:\xampp\htdocs\wordpress\wp-includes\template.php(772): require()
#1 C:\xampp\htdocs\wordpress\wp-content\plugins\woocommerce\includes\wc-core-functions.php(284): load_template('C:\\xampp\\htdocs...', false)
#2 C:\xampp\htdocs\wordpress\wp-content\plugins\woocommerce\templates\archive-product.php(70): wc_get_template_part('content', 'product')
#3 C:\xampp\htdocs\wordpress\wp-includes\template-loader.php(106): include('C:\\xampp\\htdocs...')
#4 C:\xampp\htdocs\wordpress\wp-blog-header.php(19): require_once('C:\\xampp\\htdocs...')
#5 C:\xampp\htdocs\wordpress\index.php(17): require('C:\\xampp\\htdocs...')
#6 {main}
  thrown in C:\xampp\htdocs\wordpress\wp-content\themes\ecommerce-gem\woocommerce\content-product.php on line 70

2021-12-14T05:18:40+00:00 CRITICAL Uncaught Error: Call to undefined function yith_wcwl_object_id() in C:\xampp\htdocs\wordpress\wp-content\themes\ecommerce-gem\woocommerce\content-product.php:70
Stack trace:
#0 C:\xampp\htdocs\wordpress\wp-includes\template.php(772): require()
#1 C:\xampp\htdocs\wordpress\wp-content\plugins\woocommerce\includes\wc-core-functions.php(284): load_template('C:\\xampp\\htdocs...', false)
#2 C:\xampp\htdocs\wordpress\wp-content\plugins\woocommerce\templates\archive-product.php(70): wc_get_template_part('content', 'product')
#3 C:\xampp\htdocs\wordpress\wp-includes\template-loader.php(106): include('C:\\xampp\\htdocs...')
#4 C:\xampp\htdocs\wordpress\wp-blog-header.php(19): require_once('C:\\xampp\\htdocs...')
#5 C:\xampp\htdocs\wordpress\index.php(17): require('C:\\xampp\\htdocs...')
#6 {main}
  thrown in C:\xampp\htdocs\wordpress\wp-content\themes\ecommerce-gem\woocommerce\content-product.php on line 70

2021-12-14T05:19:13+00:00 CRITICAL Uncaught Error: Call to undefined function yith_wcwl_object_id() in C:\xampp\htdocs\wordpress\wp-content\themes\ecommerce-gem\woocommerce\content-product.php:70
Stack trace:
#0 C:\xampp\htdocs\wordpress\wp-includes\template.php(772): require()
#1 C:\xampp\htdocs\wordpress\wp-content\plugins\woocommerce\includes\wc-core-functions.php(284): load_template('C:\\xampp\\htdocs...', false)
#2 C:\xampp\htdocs\wordpress\wp-content\plugins\woocommerce\templates\archive-product.php(70): wc_get_template_part('content', 'product')
#3 C:\xampp\htdocs\wordpress\wp-includes\template-loader.php(106): include('C:\\xampp\\htdocs...')
#4 C:\xampp\htdocs\wordpress\wp-blog-header.php(19): require_once('C:\\xampp\\htdocs...')
#5 C:\xampp\htdocs\wordpress\index.php(17): require('C:\\xampp\\htdocs...')
#6 {main}
  thrown in C:\xampp\htdocs\wordpress\wp-content\themes\ecommerce-gem\woocommerce\content-product.php on line 70

2021-12-14T05:19:19+00:00 CRITICAL Uncaught Error: Call to undefined function yith_wcwl_object_id() in C:\xampp\htdocs\wordpress\wp-content\themes\ecommerce-gem\woocommerce\content-product.php:70
Stack trace:
#0 C:\xampp\htdocs\wordpress\wp-includes\template.php(772): require()
#1 C:\xampp\htdocs\wordpress\wp-content\plugins\woocommerce\includes\wc-core-functions.php(284): load_template('C:\\xampp\\htdocs...', false)
#2 C:\xampp\htdocs\wordpress\wp-content\plugins\woocommerce\templates\archive-product.php(70): wc_get_template_part('content', 'product')
#3 C:\xampp\htdocs\wordpress\wp-includes\template-loader.php(106): include('C:\\xampp\\htdocs...')
#4 C:\xampp\htdocs\wordpress\wp-blog-header.php(19): require_once('C:\\xampp\\htdocs...')
#5 C:\xampp\htdocs\wordpress\index.php(17): require('C:\\xampp\\htdocs...')
#6 {main}
  thrown in C:\xampp\htdocs\wordpress\wp-content\themes\ecommerce-gem\woocommerce\content-product.php on line 70

2021-12-14T05:19:25+00:00 CRITICAL Uncaught Error: Call to undefined function yith_wcwl_object_id() in C:\xampp\htdocs\wordpress\wp-content\themes\ecommerce-gem\woocommerce\content-product.php:70
Stack trace:
#0 C:\xampp\htdocs\wordpress\wp-includes\template.php(772): require()
#1 C:\xampp\htdocs\wordpress\wp-content\plugins\woocommerce\includes\wc-core-functions.php(284): load_template('C:\\xampp\\htdocs...', false)
#2 C:\xampp\htdocs\wordpress\wp-content\plugins\woocommerce\templates\archive-product.php(70): wc_get_template_part('content', 'product')
#3 C:\xampp\htdocs\wordpress\wp-includes\template-loader.php(106): include('C:\\xampp\\htdocs...')
#4 C:\xampp\htdocs\wordpress\wp-blog-header.php(19): require_once('C:\\xampp\\htdocs...')
#5 C:\xampp\htdocs\wordpress\index.php(17): require('C:\\xampp\\htdocs...')
#6 {main}
  thrown in C:\xampp\htdocs\wordpress\wp-content\themes\ecommerce-gem\woocommerce\content-product.php on line 70

2021-12-14T05:19:26+00:00 CRITICAL Uncaught Error: Call to undefined function yith_wcwl_object_id() in C:\xampp\htdocs\wordpress\wp-content\themes\ecommerce-gem\woocommerce\content-product.php:70
Stack trace:
#0 C:\xampp\htdocs\wordpress\wp-includes\template.php(772): require()
#1 C:\xampp\htdocs\wordpress\wp-content\plugins\woocommerce\includes\wc-core-functions.php(284): load_template('C:\\xampp\\htdocs...', false)
#2 C:\xampp\htdocs\wordpress\wp-content\plugins\woocommerce\templates\archive-product.php(70): wc_get_template_part('content', 'product')
#3 C:\xampp\htdocs\wordpress\wp-includes\template-loader.php(106): include('C:\\xampp\\htdocs...')
#4 C:\xampp\htdocs\wordpress\wp-blog-header.php(19): require_once('C:\\xampp\\htdocs...')
#5 C:\xampp\htdocs\wordpress\index.php(17): require('C:\\xampp\\htdocs...')
#6 {main}
  thrown in C:\xampp\htdocs\wordpress\wp-content\themes\ecommerce-gem\woocommerce\content-product.php on line 70

2021-12-14T05:19:31+00:00 CRITICAL Uncaught Error: Call to undefined function yith_wcwl_object_id() in C:\xampp\htdocs\wordpress\wp-content\themes\ecommerce-gem\woocommerce\content-product.php:70
Stack trace:
#0 C:\xampp\htdocs\wordpress\wp-includes\template.php(772): require()
#1 C:\xampp\htdocs\wordpress\wp-content\plugins\woocommerce\includes\wc-core-functions.php(284): load_template('C:\\xampp\\htdocs...', false)
#2 C:\xampp\htdocs\wordpress\wp-content\plugins\woocommerce\templates\archive-product.php(70): wc_get_template_part('content', 'product')
#3 C:\xampp\htdocs\wordpress\wp-includes\template-loader.php(106): include('C:\\xampp\\htdocs...')
#4 C:\xampp\htdocs\wordpress\wp-blog-header.php(19): require_once('C:\\xampp\\htdocs...')
#5 C:\xampp\htdocs\wordpress\index.php(17): require('C:\\xampp\\htdocs...')
#6 {main}
  thrown in C:\xampp\htdocs\wordpress\wp-content\themes\ecommerce-gem\woocommerce\content-product.php on line 70

2021-12-14T05:19:37+00:00 CRITICAL Uncaught Error: Call to undefined function yith_wcwl_object_id() in C:\xampp\htdocs\wordpress\wp-content\themes\ecommerce-gem\woocommerce\content-product.php:70
Stack trace:
#0 C:\xampp\htdocs\wordpress\wp-includes\template.php(772): require()
#1 C:\xampp\htdocs\wordpress\wp-content\plugins\woocommerce\includes\wc-core-functions.php(284): load_template('C:\\xampp\\htdocs...', false)
#2 C:\xampp\htdocs\wordpress\wp-content\plugins\woocommerce\templates\archive-product.php(70): wc_get_template_part('content', 'product')
#3 C:\xampp\htdocs\wordpress\wp-includes\template-loader.php(106): include('C:\\xampp\\htdocs...')
#4 C:\xampp\htdocs\wordpress\wp-blog-header.php(19): require_once('C:\\xampp\\htdocs...')
#5 C:\xampp\htdocs\wordpress\index.php(17): require('C:\\xampp\\htdocs...')
#6 {main}
  thrown in C:\xampp\htdocs\wordpress\wp-content\themes\ecommerce-gem\woocommerce\content-product.php on line 70

2021-12-14T05:19:42+00:00 CRITICAL Uncaught Error: Call to undefined function yith_wcwl_object_id() in C:\xampp\htdocs\wordpress\wp-content\themes\ecommerce-gem\woocommerce\content-product.php:70
Stack trace:
#0 C:\xampp\htdocs\wordpress\wp-includes\template.php(772): require()
#1 C:\xampp\htdocs\wordpress\wp-content\plugins\woocommerce\includes\wc-core-functions.php(284): load_template('C:\\xampp\\htdocs...', false)
#2 C:\xampp\htdocs\wordpress\wp-content\plugins\woocommerce\templates\archive-product.php(70): wc_get_template_part('content', 'product')
#3 C:\xampp\htdocs\wordpress\wp-includes\template-loader.php(106): include('C:\\xampp\\htdocs...')
#4 C:\xampp\htdocs\wordpress\wp-blog-header.php(19): require_once('C:\\xampp\\htdocs...')
#5 C:\xampp\htdocs\wordpress\index.php(17): require('C:\\xampp\\htdocs...')
#6 {main}
  thrown in C:\xampp\htdocs\wordpress\wp-content\themes\ecommerce-gem\woocommerce\content-product.php on line 70

2021-12-14T05:19:47+00:00 CRITICAL Uncaught Error: Call to undefined function yith_wcwl_object_id() in C:\xampp\htdocs\wordpress\wp-content\themes\ecommerce-gem\woocommerce\content-product.php:70
Stack trace:
#0 C:\xampp\htdocs\wordpress\wp-includes\template.php(772): require()
#1 C:\xampp\htdocs\wordpress\wp-content\plugins\woocommerce\includes\wc-core-functions.php(284): load_template('C:\\xampp\\htdocs...', false)
#2 C:\xampp\htdocs\wordpress\wp-content\plugins\woocommerce\templates\archive-product.php(70): wc_get_template_part('content', 'product')
#3 C:\xampp\htdocs\wordpress\wp-includes\template-loader.php(106): include('C:\\xampp\\htdocs...')
#4 C:\xampp\htdocs\wordpress\wp-blog-header.php(19): require_once('C:\\xampp\\htdocs...')
#5 C:\xampp\htdocs\wordpress\index.php(17): require('C:\\xampp\\htdocs...')
#6 {main}
  thrown in C:\xampp\htdocs\wordpress\wp-content\themes\ecommerce-gem\woocommerce\content-product.php on line 70

2021-12-14T05:19:54+00:00 CRITICAL Uncaught Error: Call to undefined function yith_wcwl_object_id() in C:\xampp\htdocs\wordpress\wp-content\themes\ecommerce-gem\woocommerce\content-product.php:70
Stack trace:
#0 C:\xampp\htdocs\wordpress\wp-includes\template.php(772): require()
#1 C:\xampp\htdocs\wordpress\wp-content\plugins\woocommerce\includes\wc-core-functions.php(284): load_template('C:\\xampp\\htdocs...', false)
#2 C:\xampp\htdocs\wordpress\wp-content\plugins\woocommerce\templates\archive-product.php(70): wc_get_template_part('content', 'product')
#3 C:\xampp\htdocs\wordpress\wp-includes\template-loader.php(106): include('C:\\xampp\\htdocs...')
#4 C:\xampp\htdocs\wordpress\wp-blog-header.php(19): require_once('C:\\xampp\\htdocs...')
#5 C:\xampp\htdocs\wordpress\index.php(17): require('C:\\xampp\\htdocs...')
#6 {main}
  thrown in C:\xampp\htdocs\wordpress\wp-content\themes\ecommerce-gem\woocommerce\content-product.php on line 70

2021-12-14T05:19:55+00:00 CRITICAL Uncaught Error: Call to undefined function yith_wcwl_object_id() in C:\xampp\htdocs\wordpress\wp-content\themes\ecommerce-gem\woocommerce\content-product.php:70
Stack trace:
#0 C:\xampp\htdocs\wordpress\wp-includes\template.php(772): require()
#1 C:\xampp\htdocs\wordpress\wp-content\plugins\woocommerce\includes\wc-core-functions.php(284): load_template('C:\\xampp\\htdocs...', false)
#2 C:\xampp\htdocs\wordpress\wp-content\plugins\woocommerce\templates\archive-product.php(70): wc_get_template_part('content', 'product')
#3 C:\xampp\htdocs\wordpress\wp-includes\template-loader.php(106): include('C:\\xampp\\htdocs...')
#4 C:\xampp\htdocs\wordpress\wp-blog-header.php(19): require_once('C:\\xampp\\htdocs...')
#5 C:\xampp\htdocs\wordpress\index.php(17): require('C:\\xampp\\htdocs...')
#6 {main}
  thrown in C:\xampp\htdocs\wordpress\wp-content\themes\ecommerce-gem\woocommerce\content-product.php on line 70

2021-12-14T05:19:56+00:00 CRITICAL Uncaught Error: Call to undefined function yith_wcwl_object_id() in C:\xampp\htdocs\wordpress\wp-content\themes\ecommerce-gem\woocommerce\content-product.php:70
Stack trace:
#0 C:\xampp\htdocs\wordpress\wp-includes\template.php(772): require()
#1 C:\xampp\htdocs\wordpress\wp-content\plugins\woocommerce\includes\wc-core-functions.php(284): load_template('C:\\xampp\\htdocs...', false)
#2 C:\xampp\htdocs\wordpress\wp-content\plugins\woocommerce\templates\archive-product.php(70): wc_get_template_part('content', 'product')
#3 C:\xampp\htdocs\wordpress\wp-includes\template-loader.php(106): include('C:\\xampp\\htdocs...')
#4 C:\xampp\htdocs\wordpress\wp-blog-header.php(19): require_once('C:\\xampp\\htdocs...')
#5 C:\xampp\htdocs\wordpress\index.php(17): require('C:\\xampp\\htdocs...')
#6 {main}
  thrown in C:\xampp\htdocs\wordpress\wp-content\themes\ecommerce-gem\woocommerce\content-product.php on line 70

2021-12-14T05:19:57+00:00 CRITICAL Uncaught Error: Call to undefined function yith_wcwl_object_id() in C:\xampp\htdocs\wordpress\wp-content\themes\ecommerce-gem\woocommerce\content-product.php:70
Stack trace:
#0 C:\xampp\htdocs\wordpress\wp-includes\template.php(772): require()
#1 C:\xampp\htdocs\wordpress\wp-content\plugins\woocommerce\includes\wc-core-functions.php(284): load_template('C:\\xampp\\htdocs...', false)
#2 C:\xampp\htdocs\wordpress\wp-content\plugins\woocommerce\templates\archive-product.php(70): wc_get_template_part('content', 'product')
#3 C:\xampp\htdocs\wordpress\wp-includes\template-loader.php(106): include('C:\\xampp\\htdocs...')
#4 C:\xampp\htdocs\wordpress\wp-blog-header.php(19): require_once('C:\\xampp\\htdocs...')
#5 C:\xampp\htdocs\wordpress\index.php(17): require('C:\\xampp\\htdocs...')
#6 {main}
  thrown in C:\xampp\htdocs\wordpress\wp-content\themes\ecommerce-gem\woocommerce\content-product.php on line 70

2021-12-14T05:20:06+00:00 CRITICAL Uncaught Error: Call to undefined function yith_wcwl_object_id() in C:\xampp\htdocs\wordpress\wp-content\themes\ecommerce-gem\woocommerce\content-product.php:70
Stack trace:
#0 C:\xampp\htdocs\wordpress\wp-includes\template.php(772): require()
#1 C:\xampp\htdocs\wordpress\wp-content\plugins\woocommerce\includes\wc-core-functions.php(284): load_template('C:\\xampp\\htdocs...', false)
#2 C:\xampp\htdocs\wordpress\wp-content\plugins\woocommerce\templates\archive-product.php(70): wc_get_template_part('content', 'product')
#3 C:\xampp\htdocs\wordpress\wp-includes\template-loader.php(106): include('C:\\xampp\\htdocs...')
#4 C:\xampp\htdocs\wordpress\wp-blog-header.php(19): require_once('C:\\xampp\\htdocs...')
#5 C:\xampp\htdocs\wordpress\index.php(17): require('C:\\xampp\\htdocs...')
#6 {main}
  thrown in C:\xampp\htdocs\wordpress\wp-content\themes\ecommerce-gem\woocommerce\content-product.php on line 70

2021-12-14T05:20:14+00:00 CRITICAL Uncaught Error: Call to undefined function yith_wcwl_object_id() in C:\xampp\htdocs\wordpress\wp-content\themes\ecommerce-gem\woocommerce\content-product.php:70
Stack trace:
#0 C:\xampp\htdocs\wordpress\wp-includes\template.php(772): require()
#1 C:\xampp\htdocs\wordpress\wp-content\plugins\woocommerce\includes\wc-core-functions.php(284): load_template('C:\\xampp\\htdocs...', false)
#2 C:\xampp\htdocs\wordpress\wp-content\plugins\woocommerce\templates\archive-product.php(70): wc_get_template_part('content', 'product')
#3 C:\xampp\htdocs\wordpress\wp-includes\template-loader.php(106): include('C:\\xampp\\htdocs...')
#4 C:\xampp\htdocs\wordpress\wp-blog-header.php(19): require_once('C:\\xampp\\htdocs...')
#5 C:\xampp\htdocs\wordpress\index.php(17): require('C:\\xampp\\htdocs...')
#6 {main}
  thrown in C:\xampp\htdocs\wordpress\wp-content\themes\ecommerce-gem\woocommerce\content-product.php on line 70

2021-12-14T05:20:27+00:00 CRITICAL Uncaught Error: Call to undefined function yith_wcwl_object_id() in C:\xampp\htdocs\wordpress\wp-content\themes\ecommerce-gem\woocommerce\content-product.php:70
Stack trace:
#0 C:\xampp\htdocs\wordpress\wp-includes\template.php(772): require()
#1 C:\xampp\htdocs\wordpress\wp-content\plugins\woocommerce\includes\wc-core-functions.php(284): load_template('C:\\xampp\\htdocs...', false)
#2 C:\xampp\htdocs\wordpress\wp-content\plugins\woocommerce\templates\archive-product.php(70): wc_get_template_part('content', 'product')
#3 C:\xampp\htdocs\wordpress\wp-includes\template-loader.php(106): include('C:\\xampp\\htdocs...')
#4 C:\xampp\htdocs\wordpress\wp-blog-header.php(19): require_once('C:\\xampp\\htdocs...')
#5 C:\xampp\htdocs\wordpress\index.php(17): require('C:\\xampp\\htdocs...')
#6 {main}
  thrown in C:\xampp\htdocs\wordpress\wp-content\themes\ecommerce-gem\woocommerce\content-product.php on line 70

2021-12-14T05:20:41+00:00 CRITICAL Uncaught Error: Call to undefined function yith_wcwl_object_id() in C:\xampp\htdocs\wordpress\wp-content\themes\ecommerce-gem\woocommerce\content-product.php:70
Stack trace:
#0 C:\xampp\htdocs\wordpress\wp-includes\template.php(772): require()
#1 C:\xampp\htdocs\wordpress\wp-content\plugins\woocommerce\includes\wc-core-functions.php(284): load_template('C:\\xampp\\htdocs...', false)
#2 C:\xampp\htdocs\wordpress\wp-content\plugins\woocommerce\templates\archive-product.php(70): wc_get_template_part('content', 'product')
#3 C:\xampp\htdocs\wordpress\wp-includes\template-loader.php(106): include('C:\\xampp\\htdocs...')
#4 C:\xampp\htdocs\wordpress\wp-blog-header.php(19): require_once('C:\\xampp\\htdocs...')
#5 C:\xampp\htdocs\wordpress\index.php(17): require('C:\\xampp\\htdocs...')
#6 {main}
  thrown in C:\xampp\htdocs\wordpress\wp-content\themes\ecommerce-gem\woocommerce\content-product.php on line 70

2021-12-14T05:21:02+00:00 CRITICAL Uncaught Error: Call to undefined function yith_wcwl_object_id() in C:\xampp\htdocs\wordpress\wp-content\themes\ecommerce-gem\woocommerce\content-product.php:70
Stack trace:
#0 C:\xampp\htdocs\wordpress\wp-includes\template.php(772): require()
#1 C:\xampp\htdocs\wordpress\wp-content\plugins\woocommerce\includes\wc-core-functions.php(284): load_template('C:\\xampp\\htdocs...', false)
#2 C:\xampp\htdocs\wordpress\wp-content\plugins\woocommerce\templates\archive-product.php(70): wc_get_template_part('content', 'product')
#3 C:\xampp\htdocs\wordpress\wp-includes\template-loader.php(106): include('C:\\xampp\\htdocs...')
#4 C:\xampp\htdocs\wordpress\wp-blog-header.php(19): require_once('C:\\xampp\\htdocs...')
#5 C:\xampp\htdocs\wordpress\index.php(17): require('C:\\xampp\\htdocs...')
#6 {main}
  thrown in C:\xampp\htdocs\wordpress\wp-content\themes\ecommerce-gem\woocommerce\content-product.php on line 70

2021-12-14T05:21:34+00:00 CRITICAL Uncaught Error: Call to undefined function yith_wcwl_object_id() in C:\xampp\htdocs\wordpress\wp-content\themes\ecommerce-gem\woocommerce\content-product.php:70
Stack trace:
#0 C:\xampp\htdocs\wordpress\wp-includes\template.php(772): require()
#1 C:\xampp\htdocs\wordpress\wp-content\plugins\woocommerce\includes\wc-core-functions.php(284): load_template('C:\\xampp\\htdocs...', false)
#2 C:\xampp\htdocs\wordpress\wp-content\plugins\woocommerce\templates\archive-product.php(70): wc_get_template_part('content', 'product')
#3 C:\xampp\htdocs\wordpress\wp-includes\template-loader.php(106): include('C:\\xampp\\htdocs...')
#4 C:\xampp\htdocs\wordpress\wp-blog-header.php(19): require_once('C:\\xampp\\htdocs...')
#5 C:\xampp\htdocs\wordpress\index.php(17): require('C:\\xampp\\htdocs...')
#6 {main}
  thrown in C:\xampp\htdocs\wordpress\wp-content\themes\ecommerce-gem\woocommerce\content-product.php on line 70

2021-12-14T05:21:49+00:00 CRITICAL Uncaught Error: Call to undefined function yith_wcwl_object_id() in C:\xampp\htdocs\wordpress\wp-content\themes\ecommerce-gem\woocommerce\content-product.php:70
Stack trace:
#0 C:\xampp\htdocs\wordpress\wp-includes\template.php(772): require()
#1 C:\xampp\htdocs\wordpress\wp-content\plugins\woocommerce\includes\wc-core-functions.php(284): load_template('C:\\xampp\\htdocs...', false)
#2 C:\xampp\htdocs\wordpress\wp-content\plugins\woocommerce\templates\archive-product.php(70): wc_get_template_part('content', 'product')
#3 C:\xampp\htdocs\wordpress\wp-includes\template-loader.php(106): include('C:\\xampp\\htdocs...')
#4 C:\xampp\htdocs\wordpress\wp-blog-header.php(19): require_once('C:\\xampp\\htdocs...')
#5 C:\xampp\htdocs\wordpress\index.php(17): require('C:\\xampp\\htdocs...')
#6 {main}
  thrown in C:\xampp\htdocs\wordpress\wp-content\themes\ecommerce-gem\woocommerce\content-product.php on line 70

2021-12-14T05:21:57+00:00 CRITICAL Uncaught Error: Call to undefined function yith_wcwl_object_id() in C:\xampp\htdocs\wordpress\wp-content\themes\ecommerce-gem\woocommerce\content-product.php:70
Stack trace:
#0 C:\xampp\htdocs\wordpress\wp-includes\template.php(772): require()
#1 C:\xampp\htdocs\wordpress\wp-content\plugins\woocommerce\includes\wc-core-functions.php(284): load_template('C:\\xampp\\htdocs...', false)
#2 C:\xampp\htdocs\wordpress\wp-content\plugins\woocommerce\templates\archive-product.php(70): wc_get_template_part('content', 'product')
#3 C:\xampp\htdocs\wordpress\wp-includes\template-loader.php(106): include('C:\\xampp\\htdocs...')
#4 C:\xampp\htdocs\wordpress\wp-blog-header.php(19): require_once('C:\\xampp\\htdocs...')
#5 C:\xampp\htdocs\wordpress\index.php(17): require('C:\\xampp\\htdocs...')
#6 {main}
  thrown in C:\xampp\htdocs\wordpress\wp-content\themes\ecommerce-gem\woocommerce\content-product.php on line 70

2021-12-14T05:22:12+00:00 CRITICAL Uncaught Error: Call to undefined function yith_wcwl_object_id() in C:\xampp\htdocs\wordpress\wp-content\themes\ecommerce-gem\woocommerce\content-product.php:70
Stack trace:
#0 C:\xampp\htdocs\wordpress\wp-includes\template.php(772): require()
#1 C:\xampp\htdocs\wordpress\wp-content\plugins\woocommerce\includes\wc-core-functions.php(284): load_template('C:\\xampp\\htdocs...', false)
#2 C:\xampp\htdocs\wordpress\wp-content\plugins\woocommerce\templates\archive-product.php(70): wc_get_template_part('content', 'product')
#3 C:\xampp\htdocs\wordpress\wp-includes\template-loader.php(106): include('C:\\xampp\\htdocs...')
#4 C:\xampp\htdocs\wordpress\wp-blog-header.php(19): require_once('C:\\xampp\\htdocs...')
#5 C:\xampp\htdocs\wordpress\index.php(17): require('C:\\xampp\\htdocs...')
#6 {main}
  thrown in C:\xampp\htdocs\wordpress\wp-content\themes\ecommerce-gem\woocommerce\content-product.php on line 70

2021-12-14T05:22:33+00:00 CRITICAL Uncaught Error: Call to undefined function yith_wcwl_object_id() in C:\xampp\htdocs\wordpress\wp-content\themes\ecommerce-gem\woocommerce\content-product.php:70
Stack trace:
#0 C:\xampp\htdocs\wordpress\wp-includes\template.php(772): require()
#1 C:\xampp\htdocs\wordpress\wp-content\plugins\woocommerce\includes\wc-core-functions.php(284): load_template('C:\\xampp\\htdocs...', false)
#2 C:\xampp\htdocs\wordpress\wp-content\plugins\woocommerce\templates\archive-product.php(70): wc_get_template_part('content', 'product')
#3 C:\xampp\htdocs\wordpress\wp-includes\template-loader.php(106): include('C:\\xampp\\htdocs...')
#4 C:\xampp\htdocs\wordpress\wp-blog-header.php(19): require_once('C:\\xampp\\htdocs...')
#5 C:\xampp\htdocs\wordpress\index.php(17): require('C:\\xampp\\htdocs...')
#6 {main}
  thrown in C:\xampp\htdocs\wordpress\wp-content\themes\ecommerce-gem\woocommerce\content-product.php on line 70

2021-12-14T05:22:38+00:00 CRITICAL Uncaught Error: Call to undefined function yith_wcwl_object_id() in C:\xampp\htdocs\wordpress\wp-content\themes\ecommerce-gem\woocommerce\content-product.php:70
Stack trace:
#0 C:\xampp\htdocs\wordpress\wp-includes\template.php(772): require()
#1 C:\xampp\htdocs\wordpress\wp-content\plugins\woocommerce\includes\wc-core-functions.php(284): load_template('C:\\xampp\\htdocs...', false)
#2 C:\xampp\htdocs\wordpress\wp-content\plugins\woocommerce\templates\archive-product.php(70): wc_get_template_part('content', 'product')
#3 C:\xampp\htdocs\wordpress\wp-includes\template-loader.php(106): include('C:\\xampp\\htdocs...')
#4 C:\xampp\htdocs\wordpress\wp-blog-header.php(19): require_once('C:\\xampp\\htdocs...')
#5 C:\xampp\htdocs\wordpress\index.php(17): require('C:\\xampp\\htdocs...')
#6 {main}
  thrown in C:\xampp\htdocs\wordpress\wp-content\themes\ecommerce-gem\woocommerce\content-product.php on line 70

2021-12-14T05:23:31+00:00 CRITICAL Uncaught Error: Call to undefined function yith_wcwl_object_id() in C:\xampp\htdocs\wordpress\wp-content\themes\ecommerce-gem\woocommerce\content-product.php:70
Stack trace:
#0 C:\xampp\htdocs\wordpress\wp-includes\template.php(772): require()
#1 C:\xampp\htdocs\wordpress\wp-content\plugins\woocommerce\includes\wc-core-functions.php(284): load_template('C:\\xampp\\htdocs...', false)
#2 C:\xampp\htdocs\wordpress\wp-content\plugins\woocommerce\templates\archive-product.php(70): wc_get_template_part('content', 'product')
#3 C:\xampp\htdocs\wordpress\wp-includes\template-loader.php(106): include('C:\\xampp\\htdocs...')
#4 C:\xampp\htdocs\wordpress\wp-blog-header.php(19): require_once('C:\\xampp\\htdocs...')
#5 C:\xampp\htdocs\wordpress\index.php(17): require('C:\\xampp\\htdocs...')
#6 {main}
  thrown in C:\xampp\htdocs\wordpress\wp-content\themes\ecommerce-gem\woocommerce\content-product.php on line 70

2021-12-14T05:23:38+00:00 CRITICAL Uncaught Error: Call to undefined function yith_wcwl_object_id() in C:\xampp\htdocs\wordpress\wp-content\themes\ecommerce-gem\woocommerce\content-product.php:70
Stack trace:
#0 C:\xampp\htdocs\wordpress\wp-includes\template.php(772): require()
#1 C:\xampp\htdocs\wordpress\wp-content\plugins\woocommerce\includes\wc-core-functions.php(284): load_template('C:\\xampp\\htdocs...', false)
#2 C:\xampp\htdocs\wordpress\wp-content\plugins\woocommerce\templates\archive-product.php(70): wc_get_template_part('content', 'product')
#3 C:\xampp\htdocs\wordpress\wp-includes\template-loader.php(106): include('C:\\xampp\\htdocs...')
#4 C:\xampp\htdocs\wordpress\wp-blog-header.php(19): require_once('C:\\xampp\\htdocs...')
#5 C:\xampp\htdocs\wordpress\index.php(17): require('C:\\xampp\\htdocs...')
#6 {main}
  thrown in C:\xampp\htdocs\wordpress\wp-content\themes\ecommerce-gem\woocommerce\content-product.php on line 70

2021-12-14T05:23:43+00:00 CRITICAL Uncaught Error: Call to undefined function yith_wcwl_object_id() in C:\xampp\htdocs\wordpress\wp-content\themes\ecommerce-gem\woocommerce\content-product.php:70
Stack trace:
#0 C:\xampp\htdocs\wordpress\wp-includes\template.php(772): require()
#1 C:\xampp\htdocs\wordpress\wp-content\plugins\woocommerce\includes\wc-core-functions.php(284): load_template('C:\\xampp\\htdocs...', false)
#2 C:\xampp\htdocs\wordpress\wp-content\plugins\woocommerce\templates\archive-product.php(70): wc_get_template_part('content', 'product')
#3 C:\xampp\htdocs\wordpress\wp-includes\template-loader.php(106): include('C:\\xampp\\htdocs...')
#4 C:\xampp\htdocs\wordpress\wp-blog-header.php(19): require_once('C:\\xampp\\htdocs...')
#5 C:\xampp\htdocs\wordpress\index.php(17): require('C:\\xampp\\htdocs...')
#6 {main}
  thrown in C:\xampp\htdocs\wordpress\wp-content\themes\ecommerce-gem\woocommerce\content-product.php on line 70

2021-12-14T05:23:48+00:00 CRITICAL Uncaught Error: Call to undefined function yith_wcwl_object_id() in C:\xampp\htdocs\wordpress\wp-content\themes\ecommerce-gem\woocommerce\content-product.php:70
Stack trace:
#0 C:\xampp\htdocs\wordpress\wp-includes\template.php(772): require()
#1 C:\xampp\htdocs\wordpress\wp-content\plugins\woocommerce\includes\wc-core-functions.php(284): load_template('C:\\xampp\\htdocs...', false)
#2 C:\xampp\htdocs\wordpress\wp-content\plugins\woocommerce\templates\archive-product.php(70): wc_get_template_part('content', 'product')
#3 C:\xampp\htdocs\wordpress\wp-includes\template-loader.php(106): include('C:\\xampp\\htdocs...')
#4 C:\xampp\htdocs\wordpress\wp-blog-header.php(19): require_once('C:\\xampp\\htdocs...')
#5 C:\xampp\htdocs\wordpress\index.php(17): require('C:\\xampp\\htdocs...')
#6 {main}
  thrown in C:\xampp\htdocs\wordpress\wp-content\themes\ecommerce-gem\woocommerce\content-product.php on line 70

2021-12-14T05:24:03+00:00 CRITICAL Uncaught Error: Call to undefined function yith_wcwl_object_id() in C:\xampp\htdocs\wordpress\wp-content\themes\ecommerce-gem\woocommerce\content-product.php:70
Stack trace:
#0 C:\xampp\htdocs\wordpress\wp-includes\template.php(772): require()
#1 C:\xampp\htdocs\wordpress\wp-content\plugins\woocommerce\includes\wc-core-functions.php(284): load_template('C:\\xampp\\htdocs...', false)
#2 C:\xampp\htdocs\wordpress\wp-content\plugins\woocommerce\templates\archive-product.php(70): wc_get_template_part('content', 'product')
#3 C:\xampp\htdocs\wordpress\wp-includes\template-loader.php(106): include('C:\\xampp\\htdocs...')
#4 C:\xampp\htdocs\wordpress\wp-blog-header.php(19): require_once('C:\\xampp\\htdocs...')
#5 C:\xampp\htdocs\wordpress\index.php(17): require('C:\\xampp\\htdocs...')
#6 {main}
  thrown in C:\xampp\htdocs\wordpress\wp-content\themes\ecommerce-gem\woocommerce\content-product.php on line 70

